Using pre-set license
Built from '2020.3/staging' branch; Version is '2020.3.16f1 (049d6eca3c44) revision 302446'; Using compiler version '192528614'; Build Type 'Release'
OS: 'Windows 10 Pro; OS build 19042.1081; Version 2009; 64bit' Language: 'zh' Physical Memory: 32734 MB
BatchMode: 1, IsHumanControllingUs: 0, StartBugReporterOnCrash: 0, Is64bit: 1, IsPro: 0

 COMMAND LINE ARGUMENTS:
D:\Program Files\2020.3.16f1\Editor\Unity.exe
-adb2
-batchMode
-noUpm
-name
AssetImportWorker0
-projectPath
D:/sian/project/Unity/unity_LionGameCodeDesign_3DRPG_20210818/unity_LionGameCodeDesign_3DRPG_20210818
-logFile
Logs/AssetImportWorker0.log
-srvPort
56533
Successfully changed project path to: D:/sian/project/Unity/unity_LionGameCodeDesign_3DRPG_20210818/unity_LionGameCodeDesign_3DRPG_20210818
D:/sian/project/Unity/unity_LionGameCodeDesign_3DRPG_20210818/unity_LionGameCodeDesign_3DRPG_20210818
Using Asset Import Pipeline V2.
Refreshing native plugins compatible for Editor in 65.94 ms, found 2 plugins.
Preloading 0 native plugins for Editor in 0.00 ms.
Initialize engine version: 2020.3.16f1 (049d6eca3c44)
[Subsystems] Discovering subsystems at path D:/Program Files/2020.3.16f1/Editor/Data/Resources/UnitySubsystems
[Subsystems] Discovering subsystems at path D:/sian/project/Unity/unity_LionGameCodeDesign_3DRPG_20210818/unity_LionGameCodeDesign_3DRPG_20210818/Assets
GfxDevice: creating device client; threaded=0
Direct3D:
    Version:  Direct3D 11.0 [level 11.1]
    Renderer: NVIDIA GeForce GTX 970 (ID=0x13c2)
    Vendor:   
    VRAM:     4043 MB
    Driver:   27.21.14.5671
Initialize mono
Mono path[0] = 'D:/Program Files/2020.3.16f1/Editor/Data/Managed'
Mono path[1] = 'D:/Program Files/2020.3.16f1/Editor/Data/MonoBleedingEdge/lib/mono/unityjit'
Mono config path = 'D:/Program Files/2020.3.16f1/Editor/Data/MonoBleedingEdge/etc'
Using monoOptions --debugger-agent=transport=dt_socket,embedding=1,server=y,suspend=n,address=127.0.0.1:56244
Begin MonoManager ReloadAssembly
Registering precompiled unity dll's ...
Register platform support module: D:/Program Files/2020.3.16f1/Editor/Data/PlaybackEngines/WebGLSupport/UnityEditor.WebGL.Extensions.dll
Register platform support module: D:/Program Files/2020.3.16f1/Editor/Data/PlaybackEngines/WindowsStandaloneSupport/UnityEditor.WindowsStandalone.Extensions.dll
Registered in 0.007779 seconds.
Native extension for WindowsStandalone target not found
Native extension for WebGL target not found
Refreshing native plugins compatible for Editor in 58.00 ms, found 2 plugins.
Preloading 0 native plugins for Editor in 0.00 ms.
Mono: successfully reloaded assembly
- Completed reload, in  3.594 seconds
Domain Reload Profiling:
	ReloadAssembly (3594ms)
		BeginReloadAssembly (136ms)
			ExecutionOrderSort (0ms)
			DisableScriptedObjects (0ms)
			BackupInstance (0ms)
			ReleaseScriptingObjects (0ms)
			CreateAndSetChildDomain (2ms)
		EndReloadAssembly (828ms)
			LoadAssemblies (129ms)
			RebuildTransferFunctionScriptingTraits (0ms)
			SetupTypeCache (340ms)
			ReleaseScriptCaches (0ms)
			RebuildScriptCaches (69ms)
			SetupLoadedEditorAssemblies (290ms)
				LogAssemblyErrors (0ms)
				InitializePlatformSupportModulesInManaged (10ms)
				SetLoadedEditorAssemblies (0ms)
				RefreshPlugins (58ms)
				BeforeProcessingInitializeOnLoad (14ms)
				ProcessInitializeOnLoadAttributes (154ms)
				ProcessInitializeOnLoadMethodAttributes (53ms)
				AfterProcessingInitializeOnLoad (0ms)
				EditorAssembliesLoaded (0ms)
			ExecutionOrderSort2 (0ms)
			AwakeInstancesAfterBackupRestoration (0ms)
Platform modules already initialized, skipping
Registering precompiled user dll's ...
Registered in 0.012722 seconds.
Begin MonoManager ReloadAssembly
Native extension for WindowsStandalone target not found
Native extension for WebGL target not found
Refreshing native plugins compatible for Editor in 0.67 ms, found 2 plugins.
Preloading 0 native plugins for Editor in 0.00 ms.
Mono: successfully reloaded assembly
- Completed reload, in  2.251 seconds
Domain Reload Profiling:
	ReloadAssembly (2252ms)
		BeginReloadAssembly (323ms)
			ExecutionOrderSort (0ms)
			DisableScriptedObjects (10ms)
			BackupInstance (0ms)
			ReleaseScriptingObjects (0ms)
			CreateAndSetChildDomain (35ms)
		EndReloadAssembly (1769ms)
			LoadAssemblies (195ms)
			RebuildTransferFunctionScriptingTraits (0ms)
			SetupTypeCache (610ms)
			ReleaseScriptCaches (1ms)
			RebuildScriptCaches (85ms)
			SetupLoadedEditorAssemblies (693ms)
				LogAssemblyErrors (0ms)
				InitializePlatformSupportModulesInManaged (11ms)
				SetLoadedEditorAssemblies (1ms)
				RefreshPlugins (1ms)
				BeforeProcessingInitializeOnLoad (109ms)
				ProcessInitializeOnLoadAttributes (546ms)
				ProcessInitializeOnLoadMethodAttributes (7ms)
				AfterProcessingInitializeOnLoad (18ms)
				EditorAssembliesLoaded (0ms)
			ExecutionOrderSort2 (0ms)
			AwakeInstancesAfterBackupRestoration (13ms)
Platform modules already initialized, skipping
========================================================================
Worker process is ready to serve import requests
Launched and connected shader compiler UnityShaderCompiler.exe after 0.07 seconds
Refreshing native plugins compatible for Editor in 0.57 ms, found 2 plugins.
Preloading 0 native plugins for Editor in 0.00 ms.
Unloading 1397 Unused Serialized files (Serialized files now loaded: 0)
System memory in use before: 65.4 MB.
System memory in use after: 65.4 MB.

Unloading 18 unused Assets to reduce memory usage. Loaded Objects now: 1830.
Total: 4.535800 ms (FindLiveObjects: 0.316200 ms CreateObjectMapping: 0.083300 ms MarkObjects: 4.038700 ms  DeleteObjects: 0.095500 ms)

AssetImportParameters requested are different than current active one (requested -> active):
  custom:framework-win-MediaFoundation: 216162199b28c13a410421893ffa2e32 -> 
  custom:video-decoder-ogg-theora: a1e56fd34408186e4bbccfd4996cb3dc -> 
  custom:container-muxer-webm: aa71ff27fc2769a1b78a27578f13a17b -> 
  custom:container-demuxer-webm: 4f35f7cbe854078d1ac9338744f61a02 -> 
  custom:container-demuxer-ogg: 62fdf1f143b41e24485cea50d1cbac27 -> 
  custom:video-encoder-webm-vp8: eb34c28f22e8b96e1ab97ce403110664 -> 
  custom:video-decoder-webm-vp8: 9c59270c3fd7afecdb556c50c9e8de78 -> 
  custom:audio-decoder-ogg-vorbis: bf7c407c2cedff20999df2af8eb42d56 -> 
  custom:audio-encoder-webm-vorbis: bf7c407c2cedff20999df2af8eb42d56 -> 
========================================================================
Received Import Request.
  path: Assets/Scenes
  artifactKey: Guid(072b3f4b076bf39478cee253092c81df) Importer(815301076,1909f56bfc062723c751e8b465ee728b)
Start importing Assets/Scenes using Guid(072b3f4b076bf39478cee253092c81df) Importer(815301076,1909f56bfc062723c751e8b465ee728b)  -> (artifact id: '4fb764075534df4674888be6012fd8f2') in 0.007990 seconds 
  Import took 0.011178 seconds .

========================================================================
Received Import Request.
  Time since last request: 238.158167 seconds.
  path: Assets/場景
  artifactKey: Guid(f4a799ea0c0774e4f9c3cd646a9f4735) Importer(815301076,1909f56bfc062723c751e8b465ee728b)
Start importing Assets/場景 using Guid(f4a799ea0c0774e4f9c3cd646a9f4735) Importer(815301076,1909f56bfc062723c751e8b465ee728b)  -> (artifact id: '0342618d1f15044bb8da33036d02fe1a') in 0.005865 seconds 
  Import took 0.010049 seconds .

========================================================================
Received Import Request.
  Time since last request: 6.663233 seconds.
  path: Assets/場景.unity
  artifactKey: Guid(4cc8b86be2671aa4bb1ae522552805c2) Importer(815301076,1909f56bfc062723c751e8b465ee728b)
Start importing Assets/場景.unity using Guid(4cc8b86be2671aa4bb1ae522552805c2) Importer(815301076,1909f56bfc062723c751e8b465ee728b)  -> (artifact id: 'bb04f82cca3f05166a684fb81f749d0b') in 0.021075 seconds 
  Import took 0.024960 seconds .

========================================================================
Received Prepare
Registering precompiled user dll's ...
Registered in 0.012940 seconds.
Begin MonoManager ReloadAssembly
Native extension for WindowsStandalone target not found
Native extension for WebGL target not found
Refreshing native plugins compatible for Editor in 0.57 ms, found 2 plugins.
Preloading 0 native plugins for Editor in 0.00 ms.
Mono: successfully reloaded assembly
- Completed reload, in  2.253 seconds
Domain Reload Profiling:
	ReloadAssembly (2254ms)
		BeginReloadAssembly (229ms)
			ExecutionOrderSort (0ms)
			DisableScriptedObjects (11ms)
			BackupInstance (0ms)
			ReleaseScriptingObjects (0ms)
			CreateAndSetChildDomain (63ms)
		EndReloadAssembly (1873ms)
			LoadAssemblies (185ms)
			RebuildTransferFunctionScriptingTraits (0ms)
			SetupTypeCache (625ms)
			ReleaseScriptCaches (1ms)
			RebuildScriptCaches (82ms)
			SetupLoadedEditorAssemblies (785ms)
				LogAssemblyErrors (0ms)
				InitializePlatformSupportModulesInManaged (11ms)
				SetLoadedEditorAssemblies (1ms)
				RefreshPlugins (1ms)
				BeforeProcessingInitializeOnLoad (99ms)
				ProcessInitializeOnLoadAttributes (646ms)
				ProcessInitializeOnLoadMethodAttributes (6ms)
				AfterProcessingInitializeOnLoad (20ms)
				EditorAssembliesLoaded (1ms)
			ExecutionOrderSort2 (0ms)
			AwakeInstancesAfterBackupRestoration (13ms)
Platform modules already initialized, skipping
Refreshing native plugins compatible for Editor in 0.61 ms, found 2 plugins.
Preloading 0 native plugins for Editor in 0.00 ms.
Unloading 1391 Unused Serialized files (Serialized files now loaded: 0)
System memory in use before: 65.2 MB.
System memory in use after: 65.3 MB.

Unloading 13 unused Assets to reduce memory usage. Loaded Objects now: 1832.
Total: 4.367500 ms (FindLiveObjects: 0.323400 ms CreateObjectMapping: 0.084200 ms MarkObjects: 3.924400 ms  DeleteObjects: 0.033900 ms)

AssetImportParameters requested are different than current active one (requested -> active):
  custom:framework-win-MediaFoundation: 216162199b28c13a410421893ffa2e32 -> 
  custom:video-decoder-ogg-theora: a1e56fd34408186e4bbccfd4996cb3dc -> 
  custom:container-muxer-webm: aa71ff27fc2769a1b78a27578f13a17b -> 
  custom:container-demuxer-webm: 4f35f7cbe854078d1ac9338744f61a02 -> 
  custom:container-demuxer-ogg: 62fdf1f143b41e24485cea50d1cbac27 -> 
  custom:video-encoder-webm-vp8: eb34c28f22e8b96e1ab97ce403110664 -> 
  custom:video-decoder-webm-vp8: 9c59270c3fd7afecdb556c50c9e8de78 -> 
  custom:audio-decoder-ogg-vorbis: bf7c407c2cedff20999df2af8eb42d56 -> 
  custom:audio-encoder-webm-vorbis: bf7c407c2cedff20999df2af8eb42d56 -> 
========================================================================
Received Prepare
Registering precompiled user dll's ...
Registered in 0.012049 seconds.
Begin MonoManager ReloadAssembly
Native extension for WindowsStandalone target not found
Native extension for WebGL target not found
Refreshing native plugins compatible for Editor in 0.60 ms, found 2 plugins.
Preloading 0 native plugins for Editor in 0.00 ms.
Mono: successfully reloaded assembly
- Completed reload, in  2.090 seconds
Domain Reload Profiling:
	ReloadAssembly (2090ms)
		BeginReloadAssembly (211ms)
			ExecutionOrderSort (0ms)
			DisableScriptedObjects (10ms)
			BackupInstance (0ms)
			ReleaseScriptingObjects (0ms)
			CreateAndSetChildDomain (60ms)
		EndReloadAssembly (1725ms)
			LoadAssemblies (184ms)
			RebuildTransferFunctionScriptingTraits (0ms)
			SetupTypeCache (594ms)
			ReleaseScriptCaches (1ms)
			RebuildScriptCaches (79ms)
			SetupLoadedEditorAssemblies (673ms)
				LogAssemblyErrors (0ms)
				InitializePlatformSupportModulesInManaged (13ms)
				SetLoadedEditorAssemblies (1ms)
				RefreshPlugins (1ms)
				BeforeProcessingInitializeOnLoad (105ms)
				ProcessInitializeOnLoadAttributes (528ms)
				ProcessInitializeOnLoadMethodAttributes (6ms)
				AfterProcessingInitializeOnLoad (19ms)
				EditorAssembliesLoaded (1ms)
			ExecutionOrderSort2 (0ms)
			AwakeInstancesAfterBackupRestoration (12ms)
Platform modules already initialized, skipping
Refreshing native plugins compatible for Editor in 0.67 ms, found 2 plugins.
Preloading 0 native plugins for Editor in 0.00 ms.
Unloading 1391 Unused Serialized files (Serialized files now loaded: 0)
System memory in use before: 65.2 MB.
System memory in use after: 65.3 MB.

Unloading 13 unused Assets to reduce memory usage. Loaded Objects now: 1834.
Total: 4.662500 ms (FindLiveObjects: 0.350500 ms CreateObjectMapping: 0.088300 ms MarkObjects: 4.197400 ms  DeleteObjects: 0.024500 ms)

AssetImportParameters requested are different than current active one (requested -> active):
  custom:framework-win-MediaFoundation: 216162199b28c13a410421893ffa2e32 -> 
  custom:video-decoder-ogg-theora: a1e56fd34408186e4bbccfd4996cb3dc -> 
  custom:container-muxer-webm: aa71ff27fc2769a1b78a27578f13a17b -> 
  custom:container-demuxer-webm: 4f35f7cbe854078d1ac9338744f61a02 -> 
  custom:container-demuxer-ogg: 62fdf1f143b41e24485cea50d1cbac27 -> 
  custom:video-encoder-webm-vp8: eb34c28f22e8b96e1ab97ce403110664 -> 
  custom:video-decoder-webm-vp8: 9c59270c3fd7afecdb556c50c9e8de78 -> 
  custom:audio-decoder-ogg-vorbis: bf7c407c2cedff20999df2af8eb42d56 -> 
  custom:audio-encoder-webm-vorbis: bf7c407c2cedff20999df2af8eb42d56 -> 
========================================================================
Received Prepare
Registering precompiled user dll's ...
Registered in 0.014460 seconds.
Begin MonoManager ReloadAssembly
Native extension for WindowsStandalone target not found
Native extension for WebGL target not found
Refreshing native plugins compatible for Editor in 0.64 ms, found 2 plugins.
Preloading 0 native plugins for Editor in 0.00 ms.
Mono: successfully reloaded assembly
- Completed reload, in  2.455 seconds
Domain Reload Profiling:
	ReloadAssembly (2456ms)
		BeginReloadAssembly (250ms)
			ExecutionOrderSort (0ms)
			DisableScriptedObjects (11ms)
			BackupInstance (0ms)
			ReleaseScriptingObjects (0ms)
			CreateAndSetChildDomain (66ms)
		EndReloadAssembly (2032ms)
			LoadAssemblies (208ms)
			RebuildTransferFunctionScriptingTraits (0ms)
			SetupTypeCache (683ms)
			ReleaseScriptCaches (1ms)
			RebuildScriptCaches (92ms)
			SetupLoadedEditorAssemblies (793ms)
				LogAssemblyErrors (0ms)
				InitializePlatformSupportModulesInManaged (14ms)
				SetLoadedEditorAssemblies (1ms)
				RefreshPlugins (1ms)
				BeforeProcessingInitializeOnLoad (126ms)
				ProcessInitializeOnLoadAttributes (617ms)
				ProcessInitializeOnLoadMethodAttributes (9ms)
				AfterProcessingInitializeOnLoad (26ms)
				EditorAssembliesLoaded (0ms)
			ExecutionOrderSort2 (0ms)
			AwakeInstancesAfterBackupRestoration (20ms)
Platform modules already initialized, skipping
Refreshing native plugins compatible for Editor in 0.65 ms, found 2 plugins.
Preloading 0 native plugins for Editor in 0.00 ms.
Unloading 1391 Unused Serialized files (Serialized files now loaded: 0)
System memory in use before: 65.2 MB.
System memory in use after: 65.4 MB.

Unloading 13 unused Assets to reduce memory usage. Loaded Objects now: 1836.
Total: 5.072000 ms (FindLiveObjects: 0.432700 ms CreateObjectMapping: 0.121900 ms MarkObjects: 4.491900 ms  DeleteObjects: 0.023600 ms)

AssetImportParameters requested are different than current active one (requested -> active):
  custom:framework-win-MediaFoundation: 216162199b28c13a410421893ffa2e32 -> 
  custom:video-decoder-ogg-theora: a1e56fd34408186e4bbccfd4996cb3dc -> 
  custom:container-muxer-webm: aa71ff27fc2769a1b78a27578f13a17b -> 
  custom:container-demuxer-webm: 4f35f7cbe854078d1ac9338744f61a02 -> 
  custom:container-demuxer-ogg: 62fdf1f143b41e24485cea50d1cbac27 -> 
  custom:video-encoder-webm-vp8: eb34c28f22e8b96e1ab97ce403110664 -> 
  custom:video-decoder-webm-vp8: 9c59270c3fd7afecdb556c50c9e8de78 -> 
  custom:audio-decoder-ogg-vorbis: bf7c407c2cedff20999df2af8eb42d56 -> 
  custom:audio-encoder-webm-vorbis: bf7c407c2cedff20999df2af8eb42d56 -> 
========================================================================
Received Import Request.
  Time since last request: 3763.528602 seconds.
  path: Assets/Mamelon.otf
  artifactKey: Guid(e4317986c7fd05445875269444f24afd) Importer(815301076,1909f56bfc062723c751e8b465ee728b)
Start importing Assets/Mamelon.otf using Guid(e4317986c7fd05445875269444f24afd) Importer(815301076,1909f56bfc062723c751e8b465ee728b)  -> (artifact id: '83e7d2e509b93d2ffda061c24a4e42c9') in 0.213719 seconds 
  Import took 0.233842 seconds .

========================================================================
Received Prepare
Registering precompiled user dll's ...
Registered in 0.015437 seconds.
Begin MonoManager ReloadAssembly
Native extension for WindowsStandalone target not found
Native extension for WebGL target not found
Refreshing native plugins compatible for Editor in 0.69 ms, found 2 plugins.
Preloading 0 native plugins for Editor in 0.00 ms.
Mono: successfully reloaded assembly
- Completed reload, in  2.536 seconds
Domain Reload Profiling:
	ReloadAssembly (2537ms)
		BeginReloadAssembly (263ms)
			ExecutionOrderSort (0ms)
			DisableScriptedObjects (11ms)
			BackupInstance (0ms)
			ReleaseScriptingObjects (0ms)
			CreateAndSetChildDomain (76ms)
		EndReloadAssembly (2087ms)
			LoadAssemblies (230ms)
			RebuildTransferFunctionScriptingTraits (2ms)
			SetupTypeCache (691ms)
			ReleaseScriptCaches (2ms)
			RebuildScriptCaches (100ms)
			SetupLoadedEditorAssemblies (800ms)
				LogAssemblyErrors (0ms)
				InitializePlatformSupportModulesInManaged (18ms)
				SetLoadedEditorAssemblies (1ms)
				RefreshPlugins (1ms)
				BeforeProcessingInitializeOnLoad (127ms)
				ProcessInitializeOnLoadAttributes (619ms)
				ProcessInitializeOnLoadMethodAttributes (8ms)
				AfterProcessingInitializeOnLoad (26ms)
				EditorAssembliesLoaded (1ms)
			ExecutionOrderSort2 (0ms)
			AwakeInstancesAfterBackupRestoration (19ms)
Platform modules already initialized, skipping
Refreshing native plugins compatible for Editor in 1.01 ms, found 2 plugins.
Preloading 0 native plugins for Editor in 0.00 ms.
Unloading 1391 Unused Serialized files (Serialized files now loaded: 0)
System memory in use before: 68.7 MB.
System memory in use after: 68.8 MB.

Unloading 13 unused Assets to reduce memory usage. Loaded Objects now: 1882.
Total: 6.699100 ms (FindLiveObjects: 0.440100 ms CreateObjectMapping: 0.093100 ms MarkObjects: 6.120300 ms  DeleteObjects: 0.042900 ms)

AssetImportParameters requested are different than current active one (requested -> active):
  custom:framework-win-MediaFoundation: 216162199b28c13a410421893ffa2e32 -> 
  custom:video-decoder-ogg-theora: a1e56fd34408186e4bbccfd4996cb3dc -> 
  custom:container-muxer-webm: aa71ff27fc2769a1b78a27578f13a17b -> 
  custom:container-demuxer-webm: 4f35f7cbe854078d1ac9338744f61a02 -> 
  custom:container-demuxer-ogg: 62fdf1f143b41e24485cea50d1cbac27 -> 
  custom:video-encoder-webm-vp8: eb34c28f22e8b96e1ab97ce403110664 -> 
  custom:video-decoder-webm-vp8: 9c59270c3fd7afecdb556c50c9e8de78 -> 
  custom:audio-decoder-ogg-vorbis: bf7c407c2cedff20999df2af8eb42d56 -> 
  custom:audio-encoder-webm-vorbis: bf7c407c2cedff20999df2af8eb42d56 -> 
========================================================================
Received Prepare
Registering precompiled user dll's ...
Registered in 0.015382 seconds.
Begin MonoManager ReloadAssembly
Native extension for WindowsStandalone target not found
Native extension for WebGL target not found
Refreshing native plugins compatible for Editor in 0.63 ms, found 2 plugins.
Preloading 0 native plugins for Editor in 0.00 ms.
Mono: successfully reloaded assembly
- Completed reload, in  2.483 seconds
Domain Reload Profiling:
	ReloadAssembly (2484ms)
		BeginReloadAssembly (257ms)
			ExecutionOrderSort (0ms)
			DisableScriptedObjects (12ms)
			BackupInstance (0ms)
			ReleaseScriptingObjects (0ms)
			CreateAndSetChildDomain (66ms)
		EndReloadAssembly (2042ms)
			LoadAssemblies (227ms)
			RebuildTransferFunctionScriptingTraits (0ms)
			SetupTypeCache (699ms)
			ReleaseScriptCaches (1ms)
			RebuildScriptCaches (90ms)
			SetupLoadedEditorAssemblies (817ms)
				LogAssemblyErrors (0ms)
				InitializePlatformSupportModulesInManaged (14ms)
				SetLoadedEditorAssemblies (1ms)
				RefreshPlugins (1ms)
				BeforeProcessingInitializeOnLoad (133ms)
				ProcessInitializeOnLoadAttributes (636ms)
				ProcessInitializeOnLoadMethodAttributes (9ms)
				AfterProcessingInitializeOnLoad (23ms)
				EditorAssembliesLoaded (0ms)
			ExecutionOrderSort2 (0ms)
			AwakeInstancesAfterBackupRestoration (14ms)
Platform modules already initialized, skipping
Refreshing native plugins compatible for Editor in 0.67 ms, found 2 plugins.
Preloading 0 native plugins for Editor in 0.00 ms.
Unloading 1391 Unused Serialized files (Serialized files now loaded: 0)
System memory in use before: 68.7 MB.
System memory in use after: 68.8 MB.

Unloading 13 unused Assets to reduce memory usage. Loaded Objects now: 1884.
Total: 6.306400 ms (FindLiveObjects: 0.345100 ms CreateObjectMapping: 0.111800 ms MarkObjects: 5.818000 ms  DeleteObjects: 0.028900 ms)

AssetImportParameters requested are different than current active one (requested -> active):
  custom:framework-win-MediaFoundation: 216162199b28c13a410421893ffa2e32 -> 
  custom:video-decoder-ogg-theora: a1e56fd34408186e4bbccfd4996cb3dc -> 
  custom:container-muxer-webm: aa71ff27fc2769a1b78a27578f13a17b -> 
  custom:container-demuxer-webm: 4f35f7cbe854078d1ac9338744f61a02 -> 
  custom:container-demuxer-ogg: 62fdf1f143b41e24485cea50d1cbac27 -> 
  custom:video-encoder-webm-vp8: eb34c28f22e8b96e1ab97ce403110664 -> 
  custom:video-decoder-webm-vp8: 9c59270c3fd7afecdb556c50c9e8de78 -> 
  custom:audio-decoder-ogg-vorbis: bf7c407c2cedff20999df2af8eb42d56 -> 
  custom:audio-encoder-webm-vorbis: bf7c407c2cedff20999df2af8eb42d56 -> 
========================================================================
Received Import Request.
  Time since last request: 1730.630088 seconds.
  path: Assets/動畫/New Animation.anim
  artifactKey: Guid(9da422c94d4f43543860ef380736f802) Importer(815301076,1909f56bfc062723c751e8b465ee728b)
Start importing Assets/動畫/New Animation.anim using Guid(9da422c94d4f43543860ef380736f802) Importer(815301076,1909f56bfc062723c751e8b465ee728b)  -> (artifact id: 'eb280b59613a72c9b505f71ed081051d') in 0.031517 seconds 
  Import took 0.058238 seconds .

========================================================================
Received Import Request.
  Time since last request: 26.921478 seconds.
  path: Assets/動畫/開始遊戲(Button按鈕).controller
  artifactKey: Guid(f44074442783cab478659a3a1f0377c9) Importer(815301076,1909f56bfc062723c751e8b465ee728b)
Start importing Assets/動畫/開始遊戲(Button按鈕).controller using Guid(f44074442783cab478659a3a1f0377c9) Importer(815301076,1909f56bfc062723c751e8b465ee728b)  -> (artifact id: 'de0e7020edb26a06e86dd03b2228d71b') in 0.009898 seconds 
  Import took 0.033535 seconds .

========================================================================
Received Import Request.
  Time since last request: 65.061406 seconds.
  path: Assets/動畫/遊戲標題縮放效果.anim
  artifactKey: Guid(a332e1665b372df42a61cb836a6ca032) Importer(815301076,1909f56bfc062723c751e8b465ee728b)
Start importing Assets/動畫/遊戲標題縮放效果.anim using Guid(a332e1665b372df42a61cb836a6ca032) Importer(815301076,1909f56bfc062723c751e8b465ee728b)  -> (artifact id: 'ce84374d7e6ceb2e6ef9c177024dc1ca') in 0.008840 seconds 
  Import took 0.038888 seconds .

========================================================================
Received Import Request.
  Time since last request: 20.915613 seconds.
  path: Assets/動畫/遊戲標題(Text).controller
  artifactKey: Guid(aaf6da2562c36f442948f625990b089f) Importer(815301076,1909f56bfc062723c751e8b465ee728b)
Start importing Assets/動畫/遊戲標題(Text).controller using Guid(aaf6da2562c36f442948f625990b089f) Importer(815301076,1909f56bfc062723c751e8b465ee728b)  -> (artifact id: 'd5187cb60914d4af291a14ebef634db0') in 0.005320 seconds 
  Import took 0.029304 seconds .

========================================================================
Received Prepare
Registering precompiled user dll's ...
Registered in 0.013466 seconds.
Begin MonoManager ReloadAssembly
Native extension for WindowsStandalone target not found
Native extension for WebGL target not found
Refreshing native plugins compatible for Editor in 0.66 ms, found 2 plugins.
Preloading 0 native plugins for Editor in 0.00 ms.
Mono: successfully reloaded assembly
- Completed reload, in  2.124 seconds
Domain Reload Profiling:
	ReloadAssembly (2125ms)
		BeginReloadAssembly (227ms)
			ExecutionOrderSort (0ms)
			DisableScriptedObjects (11ms)
			BackupInstance (0ms)
			ReleaseScriptingObjects (0ms)
			CreateAndSetChildDomain (55ms)
		EndReloadAssembly (1742ms)
			LoadAssemblies (200ms)
			RebuildTransferFunctionScriptingTraits (0ms)
			SetupTypeCache (611ms)
			ReleaseScriptCaches (1ms)
			RebuildScriptCaches (84ms)
			SetupLoadedEditorAssemblies (662ms)
				LogAssemblyErrors (0ms)
				InitializePlatformSupportModulesInManaged (10ms)
				SetLoadedEditorAssemblies (1ms)
				RefreshPlugins (1ms)
				BeforeProcessingInitializeOnLoad (110ms)
				ProcessInitializeOnLoadAttributes (513ms)
				ProcessInitializeOnLoadMethodAttributes (6ms)
				AfterProcessingInitializeOnLoad (21ms)
				EditorAssembliesLoaded (0ms)
			ExecutionOrderSort2 (0ms)
			AwakeInstancesAfterBackupRestoration (13ms)
Platform modules already initialized, skipping
Refreshing native plugins compatible for Editor in 0.58 ms, found 2 plugins.
Preloading 0 native plugins for Editor in 0.00 ms.
Unloading 1391 Unused Serialized files (Serialized files now loaded: 0)
System memory in use before: 68.7 MB.
System memory in use after: 68.8 MB.

Unloading 13 unused Assets to reduce memory usage. Loaded Objects now: 1886.
Total: 4.519300 ms (FindLiveObjects: 0.417700 ms CreateObjectMapping: 0.139500 ms MarkObjects: 3.933100 ms  DeleteObjects: 0.026600 ms)

AssetImportParameters requested are different than current active one (requested -> active):
  custom:framework-win-MediaFoundation: 216162199b28c13a410421893ffa2e32 -> 
  custom:video-decoder-ogg-theora: a1e56fd34408186e4bbccfd4996cb3dc -> 
  custom:container-muxer-webm: aa71ff27fc2769a1b78a27578f13a17b -> 
  custom:container-demuxer-webm: 4f35f7cbe854078d1ac9338744f61a02 -> 
  custom:container-demuxer-ogg: 62fdf1f143b41e24485cea50d1cbac27 -> 
  custom:video-encoder-webm-vp8: eb34c28f22e8b96e1ab97ce403110664 -> 
  custom:video-decoder-webm-vp8: 9c59270c3fd7afecdb556c50c9e8de78 -> 
  custom:audio-decoder-ogg-vorbis: bf7c407c2cedff20999df2af8eb42d56 -> 
  custom:audio-encoder-webm-vorbis: bf7c407c2cedff20999df2af8eb42d56 -> 
========================================================================
Received Import Request.
  Time since last request: 1470.659017 seconds.
  path: Assets/Handpainted_Forest_pack/Map_v1Settings.lighting
  artifactKey: Guid(7202b007ced869e4c8fe5e14a213687e) Importer(815301076,1909f56bfc062723c751e8b465ee728b)
Start importing Assets/Handpainted_Forest_pack/Map_v1Settings.lighting using Guid(7202b007ced869e4c8fe5e14a213687e) Importer(815301076,1909f56bfc062723c751e8b465ee728b) LightingSettings: switching bake backend from 1 to 0.
 -> (artifact id: 'c1f9e838e39759a2ab0b1ca230f6a63d') in 0.025676 seconds 
  Import took 0.030015 seconds .

========================================================================
Received Import Request.
  Time since last request: 2.303905 seconds.
  path: Assets/Handpainted_Forest_pack/Map_v1.unity
  artifactKey: Guid(a08a0ecce1946164293a4085af36ce58) Importer(815301076,1909f56bfc062723c751e8b465ee728b)
Start importing Assets/Handpainted_Forest_pack/Map_v1.unity using Guid(a08a0ecce1946164293a4085af36ce58) Importer(815301076,1909f56bfc062723c751e8b465ee728b)  -> (artifact id: '9e245695ed9e69cfa7436675772b1c75') in 0.005655 seconds 
  Import took 0.010428 seconds .

========================================================================
Received Import Request.
  Time since last request: 0.002091 seconds.
  path: Assets/Handpainted_Forest_pack/Map_v1.unity
  artifactKey: Guid(a08a0ecce1946164293a4085af36ce58) Importer(815301076,1909f56bfc062723c751e8b465ee728b)
Start importing Assets/Handpainted_Forest_pack/Map_v1.unity using Guid(a08a0ecce1946164293a4085af36ce58) Importer(815301076,1909f56bfc062723c751e8b465ee728b)  -> (artifact id: '9e245695ed9e69cfa7436675772b1c75') in 0.004620 seconds 
  Import took 0.008653 seconds .

========================================================================
Received Import Request.
  Time since last request: 2.498089 seconds.
  path: Assets/Handpainted_Forest_pack/Showcase_scene.unity
  artifactKey: Guid(2cb9febfd2d8161438f1ce73b4605529) Importer(815301076,1909f56bfc062723c751e8b465ee728b)
Start importing Assets/Handpainted_Forest_pack/Showcase_scene.unity using Guid(2cb9febfd2d8161438f1ce73b4605529) Importer(815301076,1909f56bfc062723c751e8b465ee728b)  -> (artifact id: 'ddbf6c0bbf9a03802cb2a102c8831c94') in 0.006015 seconds 
  Import took 0.009865 seconds .

========================================================================
Received Import Request.
  Time since last request: 30.067311 seconds.
  path: Assets/Handpainted_Forest_pack/Showcase_sceneSettings.lighting
  artifactKey: Guid(04f79ce349ad2d14285fd4c29907f452) Importer(815301076,1909f56bfc062723c751e8b465ee728b)
Start importing Assets/Handpainted_Forest_pack/Showcase_sceneSettings.lighting using Guid(04f79ce349ad2d14285fd4c29907f452) Importer(815301076,1909f56bfc062723c751e8b465ee728b) LightingSettings: switching bake backend from 1 to 0.
 -> (artifact id: '2fe8cf4ea506aece350a0c921f69f10f') in 0.005907 seconds 
  Import took 0.030127 seconds .

========================================================================
Received Import Request.
  Time since last request: 22.476124 seconds.
  path: Assets/場景/開始場景.unity
  artifactKey: Guid(eaaaecd724964a64b92d9f9b769c98a7) Importer(815301076,1909f56bfc062723c751e8b465ee728b)
Start importing Assets/場景/開始場景.unity using Guid(eaaaecd724964a64b92d9f9b769c98a7) Importer(815301076,1909f56bfc062723c751e8b465ee728b)  -> (artifact id: '3ee6fcdab682c30bde97a032b88d7008') in 0.005617 seconds 
  Import took 0.010231 seconds .

========================================================================
Received Import Request.
  Time since last request: 0.001356 seconds.
  path: Assets/場景/開始場景.unity
  artifactKey: Guid(eaaaecd724964a64b92d9f9b769c98a7) Importer(815301076,1909f56bfc062723c751e8b465ee728b)
Start importing Assets/場景/開始場景.unity using Guid(eaaaecd724964a64b92d9f9b769c98a7) Importer(815301076,1909f56bfc062723c751e8b465ee728b)  -> (artifact id: '3ee6fcdab682c30bde97a032b88d7008') in 0.004719 seconds 
  Import took 0.009112 seconds .

========================================================================
Received Import Request.
  Time since last request: 108.673337 seconds.
  path: Assets/場景/遊戲場景.unity
  artifactKey: Guid(e99d03d8e1d4d9e4a85d12ab37c52a7f) Importer(815301076,1909f56bfc062723c751e8b465ee728b)
Start importing Assets/場景/遊戲場景.unity using Guid(e99d03d8e1d4d9e4a85d12ab37c52a7f) Importer(815301076,1909f56bfc062723c751e8b465ee728b)  -> (artifact id: 'a33e91029a5dd80344d686b3cddcee17') in 0.005451 seconds 
  Import took 0.010867 seconds .

========================================================================
Received Import Request.
  Time since last request: 0.000757 seconds.
  path: Assets/場景/遊戲場景.unity
  artifactKey: Guid(e99d03d8e1d4d9e4a85d12ab37c52a7f) Importer(815301076,1909f56bfc062723c751e8b465ee728b)
Start importing Assets/場景/遊戲場景.unity using Guid(e99d03d8e1d4d9e4a85d12ab37c52a7f) Importer(815301076,1909f56bfc062723c751e8b465ee728b)  -> (artifact id: 'a33e91029a5dd80344d686b3cddcee17') in 0.004773 seconds 
  Import took 0.009308 seconds .

========================================================================
Received Prepare
Registering precompiled user dll's ...
Registered in 0.015423 seconds.
Begin MonoManager ReloadAssembly
Native extension for WindowsStandalone target not found
Native extension for WebGL target not found
Refreshing native plugins compatible for Editor in 1.04 ms, found 2 plugins.
Preloading 0 native plugins for Editor in 0.00 ms.
Mono: successfully reloaded assembly
- Completed reload, in  2.158 seconds
Domain Reload Profiling:
	ReloadAssembly (2159ms)
		BeginReloadAssembly (226ms)
			ExecutionOrderSort (0ms)
			DisableScriptedObjects (11ms)
			BackupInstance (0ms)
			ReleaseScriptingObjects (0ms)
			CreateAndSetChildDomain (64ms)
		EndReloadAssembly (1780ms)
			LoadAssemblies (196ms)
			RebuildTransferFunctionScriptingTraits (0ms)
			SetupTypeCache (577ms)
			ReleaseScriptCaches (1ms)
			RebuildScriptCaches (92ms)
			SetupLoadedEditorAssemblies (681ms)
				LogAssemblyErrors (0ms)
				InitializePlatformSupportModulesInManaged (12ms)
				SetLoadedEditorAssemblies (1ms)
				RefreshPlugins (1ms)
				BeforeProcessingInitializeOnLoad (109ms)
				ProcessInitializeOnLoadAttributes (530ms)
				ProcessInitializeOnLoadMethodAttributes (6ms)
				AfterProcessingInitializeOnLoad (22ms)
				EditorAssembliesLoaded (1ms)
			ExecutionOrderSort2 (0ms)
			AwakeInstancesAfterBackupRestoration (13ms)
Platform modules already initialized, skipping
Refreshing native plugins compatible for Editor in 0.58 ms, found 2 plugins.
Preloading 0 native plugins for Editor in 0.00 ms.
Unloading 1391 Unused Serialized files (Serialized files now loaded: 0)
System memory in use before: 68.7 MB.
System memory in use after: 68.8 MB.

Unloading 13 unused Assets to reduce memory usage. Loaded Objects now: 1888.
Total: 4.467400 ms (FindLiveObjects: 0.310900 ms CreateObjectMapping: 0.086300 ms MarkObjects: 4.035000 ms  DeleteObjects: 0.033500 ms)

AssetImportParameters requested are different than current active one (requested -> active):
  custom:framework-win-MediaFoundation: 216162199b28c13a410421893ffa2e32 -> 
  custom:video-decoder-ogg-theora: a1e56fd34408186e4bbccfd4996cb3dc -> 
  custom:container-muxer-webm: aa71ff27fc2769a1b78a27578f13a17b -> 
  custom:container-demuxer-webm: 4f35f7cbe854078d1ac9338744f61a02 -> 
  custom:container-demuxer-ogg: 62fdf1f143b41e24485cea50d1cbac27 -> 
  custom:video-encoder-webm-vp8: eb34c28f22e8b96e1ab97ce403110664 -> 
  custom:video-decoder-webm-vp8: 9c59270c3fd7afecdb556c50c9e8de78 -> 
  custom:audio-decoder-ogg-vorbis: bf7c407c2cedff20999df2af8eb42d56 -> 
  custom:audio-encoder-webm-vorbis: bf7c407c2cedff20999df2af8eb42d56 -> 
========================================================================
Received Import Request.
  Time since last request: 126.773297 seconds.
  path: Assets/Handpainted_Forest_pack/Models
  artifactKey: Guid(e6ef26e78701f704582bb1f8938086d7) Importer(815301076,1909f56bfc062723c751e8b465ee728b)
Start importing Assets/Handpainted_Forest_pack/Models using Guid(e6ef26e78701f704582bb1f8938086d7) Importer(815301076,1909f56bfc062723c751e8b465ee728b)  -> (artifact id: '8a21423b1fbe9d8877601ad513fbeb8c') in 0.010316 seconds 
  Import took 0.014024 seconds .

========================================================================
Received Import Request.
  Time since last request: 0.058043 seconds.
  path: Assets/Handpainted_Forest_pack/Models/Fir_v1_1.prefab
  artifactKey: Guid(a47d7ad739a48614babdcba6106ead5f) Importer(815301076,1909f56bfc062723c751e8b465ee728b)
Start importing Assets/Handpainted_Forest_pack/Models/Fir_v1_1.prefab using Guid(a47d7ad739a48614babdcba6106ead5f) Importer(815301076,1909f56bfc062723c751e8b465ee728b)  -> (artifact id: '3b1bbcd1d7e3f294838d77755ff1556e') in 0.207092 seconds 
  Import took 0.211360 seconds .

========================================================================
Received Import Request.
  Time since last request: 0.000356 seconds.
  path: Assets/Handpainted_Forest_pack/Models/Pine_v1_2.prefab
  artifactKey: Guid(07232b84fecc54e45b2e071b6885bb96) Importer(815301076,1909f56bfc062723c751e8b465ee728b)
Start importing Assets/Handpainted_Forest_pack/Models/Pine_v1_2.prefab using Guid(07232b84fecc54e45b2e071b6885bb96) Importer(815301076,1909f56bfc062723c751e8b465ee728b)  -> (artifact id: 'fd398893ff3f5e353610c8f7f37ba469') in 0.023475 seconds 
  Import took 0.027204 seconds .

========================================================================
Received Import Request.
  Time since last request: 0.000511 seconds.
  path: Assets/Handpainted_Forest_pack/Models/Grass_v1_1.prefab
  artifactKey: Guid(28f60661728ddb148a424ba31b70ccc4) Importer(815301076,1909f56bfc062723c751e8b465ee728b)
Start importing Assets/Handpainted_Forest_pack/Models/Grass_v1_1.prefab using Guid(28f60661728ddb148a424ba31b70ccc4) Importer(815301076,1909f56bfc062723c751e8b465ee728b)  -> (artifact id: 'f8f2b6d4f8b992ce7ce1694ce4fd33e5') in 0.026542 seconds 
  Import took 0.072415 seconds .

========================================================================
Received Import Request.
  Time since last request: 0.000336 seconds.
  path: Assets/Handpainted_Forest_pack/Models/Grass_v2_1.prefab
  artifactKey: Guid(bca1934b3991fe648b8181db36dfcfcb) Importer(815301076,1909f56bfc062723c751e8b465ee728b)
Start importing Assets/Handpainted_Forest_pack/Models/Grass_v2_1.prefab using Guid(bca1934b3991fe648b8181db36dfcfcb) Importer(815301076,1909f56bfc062723c751e8b465ee728b)  -> (artifact id: 'c29dbee96795b9fd21f0b08dd1173de0') in 0.023003 seconds 
  Import took 0.030016 seconds .

========================================================================
Received Import Request.
  Time since last request: 0.000437 seconds.
  path: Assets/Handpainted_Forest_pack/Models/Grass_v1_2.prefab
  artifactKey: Guid(e7943b8da41d75045a6bd919f15691ec) Importer(815301076,1909f56bfc062723c751e8b465ee728b)
Start importing Assets/Handpainted_Forest_pack/Models/Grass_v1_2.prefab using Guid(e7943b8da41d75045a6bd919f15691ec) Importer(815301076,1909f56bfc062723c751e8b465ee728b)  -> (artifact id: '2f97c84d4370471c4da22c1b13287fa1') in 0.019860 seconds 
  Import took 0.024628 seconds .

========================================================================
Received Import Request.
  Time since last request: 0.000314 seconds.
  path: Assets/Handpainted_Forest_pack/Models/Floor_Grass_v1_1.prefab
  artifactKey: Guid(4e43cdca195a1664d966791f28202d31) Importer(815301076,1909f56bfc062723c751e8b465ee728b)
Start importing Assets/Handpainted_Forest_pack/Models/Floor_Grass_v1_1.prefab using Guid(4e43cdca195a1664d966791f28202d31) Importer(815301076,1909f56bfc062723c751e8b465ee728b)  -> (artifact id: '33e8d94edc9ab8d7e9dfe27f5f8d033f') in 0.042175 seconds 
  Import took 0.048957 seconds .

========================================================================
Received Import Request.
  Time since last request: 0.000312 seconds.
  path: Assets/Handpainted_Forest_pack/Models/Floor_Grass_v1_2.prefab
  artifactKey: Guid(a2fbc4036fe0e9f40899ea784ee93073) Importer(815301076,1909f56bfc062723c751e8b465ee728b)
Start importing Assets/Handpainted_Forest_pack/Models/Floor_Grass_v1_2.prefab using Guid(a2fbc4036fe0e9f40899ea784ee93073) Importer(815301076,1909f56bfc062723c751e8b465ee728b)  -> (artifact id: '5b3eff9b501cade51d856f8ef1d7f202') in 0.021531 seconds 
  Import took 0.035322 seconds .

========================================================================
Received Import Request.
  Time since last request: 0.001267 seconds.
  path: Assets/Handpainted_Forest_pack/Models/Pine_v1_1.prefab
  artifactKey: Guid(13f47203b7fe8ff479a289d12f2f47ed) Importer(815301076,1909f56bfc062723c751e8b465ee728b)
Start importing Assets/Handpainted_Forest_pack/Models/Pine_v1_1.prefab using Guid(13f47203b7fe8ff479a289d12f2f47ed) Importer(815301076,1909f56bfc062723c751e8b465ee728b)  -> (artifact id: '088aedc0374258a140ac0568b19ef77a') in 0.017844 seconds 
  Import took 0.029849 seconds .

========================================================================
Received Import Request.
  Time since last request: 0.000369 seconds.
  path: Assets/Handpainted_Forest_pack/Models/Grass_v1_3.prefab
  artifactKey: Guid(4b46a3851f431d14fb24389945dd98d7) Importer(815301076,1909f56bfc062723c751e8b465ee728b)
Start importing Assets/Handpainted_Forest_pack/Models/Grass_v1_3.prefab using Guid(4b46a3851f431d14fb24389945dd98d7) Importer(815301076,1909f56bfc062723c751e8b465ee728b)  -> (artifact id: 'ed175968acbe571a5ca3b0c78b1067e3') in 0.027834 seconds 
  Import took 0.032348 seconds .

========================================================================
Received Import Request.
  Time since last request: 0.000313 seconds.
  path: Assets/Handpainted_Forest_pack/Models/Fir_v1_2.prefab
  artifactKey: Guid(97fa5d2e177822c4084dda50fa0986c6) Importer(815301076,1909f56bfc062723c751e8b465ee728b)
Start importing Assets/Handpainted_Forest_pack/Models/Fir_v1_2.prefab using Guid(97fa5d2e177822c4084dda50fa0986c6) Importer(815301076,1909f56bfc062723c751e8b465ee728b)  -> (artifact id: 'c686916192b53d416187e21a31014721') in 0.018609 seconds 
  Import took 0.023538 seconds .

========================================================================
Received Import Request.
  Time since last request: 3.541440 seconds.
  path: Assets/Handpainted_Forest_pack/Models/Source
  artifactKey: Guid(e498414b9c21d944aa3bba1049aefb95) Importer(815301076,1909f56bfc062723c751e8b465ee728b)
Start importing Assets/Handpainted_Forest_pack/Models/Source using Guid(e498414b9c21d944aa3bba1049aefb95) Importer(815301076,1909f56bfc062723c751e8b465ee728b)  -> (artifact id: '75347f59b6bf50f1f0ffc44f1d9f2174') in 0.005766 seconds 
  Import took 0.013494 seconds .

========================================================================
Received Import Request.
  Time since last request: 0.063360 seconds.
  path: Assets/Handpainted_Forest_pack/Models/Source/Fir_v1.mat
  artifactKey: Guid(bf582717bc9abf7479ddfdc7552793fd) Importer(815301076,1909f56bfc062723c751e8b465ee728b)
Start importing Assets/Handpainted_Forest_pack/Models/Source/Fir_v1.mat using Guid(bf582717bc9abf7479ddfdc7552793fd) Importer(815301076,1909f56bfc062723c751e8b465ee728b)  -> (artifact id: '4873df879ef2c750a5cfffaff3f7d94a') in 0.074220 seconds 
  Import took 0.078170 seconds .

========================================================================
Received Import Request.
  Time since last request: 0.000329 seconds.
  path: Assets/Handpainted_Forest_pack/Models/Source/Fir_v1.png
  artifactKey: Guid(9c13a6618fe3ab949bb617e67f862135) Importer(815301076,1909f56bfc062723c751e8b465ee728b)
Start importing Assets/Handpainted_Forest_pack/Models/Source/Fir_v1.png using Guid(9c13a6618fe3ab949bb617e67f862135) Importer(815301076,1909f56bfc062723c751e8b465ee728b)  -> (artifact id: '57870b80746fcd06faea2e466ac6e243') in 0.089723 seconds 
  Import took 0.093033 seconds .

========================================================================
Received Import Request.
  Time since last request: 0.000310 seconds.
  path: Assets/Handpainted_Forest_pack/Models/Source/Grass_v1_3.mat
  artifactKey: Guid(628ed950aa8383043806c5458764725f) Importer(815301076,1909f56bfc062723c751e8b465ee728b)
Start importing Assets/Handpainted_Forest_pack/Models/Source/Grass_v1_3.mat using Guid(628ed950aa8383043806c5458764725f) Importer(815301076,1909f56bfc062723c751e8b465ee728b)  -> (artifact id: '61463ab38f7d16cfef5a5e828e621220') in 0.014424 seconds 
  Import took 0.018078 seconds .

========================================================================
Received Import Request.
  Time since last request: 0.000340 seconds.
  path: Assets/Handpainted_Forest_pack/Models/Source/Grass_v2_1.mat
  artifactKey: Guid(59871923837676c4faba6f9673ff6d79) Importer(815301076,1909f56bfc062723c751e8b465ee728b)
Start importing Assets/Handpainted_Forest_pack/Models/Source/Grass_v2_1.mat using Guid(59871923837676c4faba6f9673ff6d79) Importer(815301076,1909f56bfc062723c751e8b465ee728b)  -> (artifact id: 'ba9ac43bcc54b615da2a39e1113e5ddf') in 0.017041 seconds 
  Import took 0.024795 seconds .

========================================================================
Received Import Request.
  Time since last request: 0.000333 seconds.
  path: Assets/Handpainted_Forest_pack/Models/Source/Grass_v1_2.mat
  artifactKey: Guid(541867319ef080d44b29c65a3c9d5b19) Importer(815301076,1909f56bfc062723c751e8b465ee728b)
Start importing Assets/Handpainted_Forest_pack/Models/Source/Grass_v1_2.mat using Guid(541867319ef080d44b29c65a3c9d5b19) Importer(815301076,1909f56bfc062723c751e8b465ee728b)  -> (artifact id: 'f9513bc7388f6f341f0d93e26c00eaac') in 0.015240 seconds 
  Import took 0.018714 seconds .

========================================================================
Received Import Request.
  Time since last request: 0.000302 seconds.
  path: Assets/Handpainted_Forest_pack/Models/Source/Floor_Grass_v1_2.tga
  artifactKey: Guid(7be934018fb10d640ae99ae9bf7cbe7c) Importer(815301076,1909f56bfc062723c751e8b465ee728b)
Start importing Assets/Handpainted_Forest_pack/Models/Source/Floor_Grass_v1_2.tga using Guid(7be934018fb10d640ae99ae9bf7cbe7c) Importer(815301076,1909f56bfc062723c751e8b465ee728b)  -> (artifact id: '57e937963a01675812d2c64aedfae3d7') in 0.023369 seconds 
  Import took 0.027137 seconds .

========================================================================
Received Import Request.
  Time since last request: 0.000387 seconds.
  path: Assets/Handpainted_Forest_pack/Models/Source/Grass_v2_1.png
  artifactKey: Guid(c21ba585cdeba2c4599d076364526015) Importer(815301076,1909f56bfc062723c751e8b465ee728b)
Start importing Assets/Handpainted_Forest_pack/Models/Source/Grass_v2_1.png using Guid(c21ba585cdeba2c4599d076364526015) Importer(815301076,1909f56bfc062723c751e8b465ee728b)  -> (artifact id: '4e7952683f0de9c21fe50f5d8a8ea862') in 0.012839 seconds 
  Import took 0.018944 seconds .

========================================================================
Received Import Request.
  Time since last request: 0.000288 seconds.
  path: Assets/Handpainted_Forest_pack/Models/Source/Grass_v1_3.png
  artifactKey: Guid(23bd24c4031467f4ebfa37ecc611053b) Importer(815301076,1909f56bfc062723c751e8b465ee728b)
Start importing Assets/Handpainted_Forest_pack/Models/Source/Grass_v1_3.png using Guid(23bd24c4031467f4ebfa37ecc611053b) Importer(815301076,1909f56bfc062723c751e8b465ee728b)  -> (artifact id: '6c90e722e5c573af717de100815a4bfc') in 0.012755 seconds 
  Import took 0.016163 seconds .

========================================================================
Received Import Request.
  Time since last request: 0.000280 seconds.
  path: Assets/Handpainted_Forest_pack/Models/Source/Grass_v1_1.png
  artifactKey: Guid(d41ffe9d7aae5874c81a5edf96a4781e) Importer(815301076,1909f56bfc062723c751e8b465ee728b)
Start importing Assets/Handpainted_Forest_pack/Models/Source/Grass_v1_1.png using Guid(d41ffe9d7aae5874c81a5edf96a4781e) Importer(815301076,1909f56bfc062723c751e8b465ee728b)  -> (artifact id: 'd91c00ece38202d447d96d002a7bcbab') in 0.013960 seconds 
  Import took 0.018175 seconds .

========================================================================
Received Import Request.
  Time since last request: 0.000309 seconds.
  path: Assets/Handpainted_Forest_pack/Models/Source/Floor_Grass_v1_1.tga
  artifactKey: Guid(3a203929128f91f46be823db0be54d30) Importer(815301076,1909f56bfc062723c751e8b465ee728b)
Start importing Assets/Handpainted_Forest_pack/Models/Source/Floor_Grass_v1_1.tga using Guid(3a203929128f91f46be823db0be54d30) Importer(815301076,1909f56bfc062723c751e8b465ee728b)  -> (artifact id: '27a597daeb5d530e1c8e1895995c8032') in 0.014869 seconds 
  Import took 0.018767 seconds .

========================================================================
Received Import Request.
  Time since last request: 0.000305 seconds.
  path: Assets/Handpainted_Forest_pack/Models/Source/Floor_Grass_v1_2.mat
  artifactKey: Guid(72c5e0d26b8636c41b8d2dab8ac89bb4) Importer(815301076,1909f56bfc062723c751e8b465ee728b)
Start importing Assets/Handpainted_Forest_pack/Models/Source/Floor_Grass_v1_2.mat using Guid(72c5e0d26b8636c41b8d2dab8ac89bb4) Importer(815301076,1909f56bfc062723c751e8b465ee728b)  -> (artifact id: 'eabdcf0d5cfe0cf65f9d6e14dcfde384') in 0.016072 seconds 
  Import took 0.019939 seconds .

========================================================================
Received Import Request.
  Time since last request: 0.000335 seconds.
  path: Assets/Handpainted_Forest_pack/Models/Source/Floor_Grass_v1_1.mat
  artifactKey: Guid(ff877304ec6ab8d4ba4c9b6a346c5775) Importer(815301076,1909f56bfc062723c751e8b465ee728b)
Start importing Assets/Handpainted_Forest_pack/Models/Source/Floor_Grass_v1_1.mat using Guid(ff877304ec6ab8d4ba4c9b6a346c5775) Importer(815301076,1909f56bfc062723c751e8b465ee728b)  -> (artifact id: 'b0170d79c6c129496d1e8c23402fa623') in 0.018535 seconds 
  Import took 0.040026 seconds .

========================================================================
Received Import Request.
  Time since last request: 0.000358 seconds.
  path: Assets/Handpainted_Forest_pack/Models/Source/Forest_pack_models_set.FBX
  artifactKey: Guid(11513268302b562498f3c140346b22c8) Importer(815301076,1909f56bfc062723c751e8b465ee728b)
Start importing Assets/Handpainted_Forest_pack/Models/Source/Forest_pack_models_set.FBX using Guid(11513268302b562498f3c140346b22c8) Importer(815301076,1909f56bfc062723c751e8b465ee728b)  -> (artifact id: 'c29cd480c2fa20798b3358bbf859d2a6') in 0.354933 seconds 
  Import took 0.359070 seconds .

========================================================================
Received Import Request.
  Time since last request: 0.000271 seconds.
  path: Assets/Handpainted_Forest_pack/Models/Source/Pine_v1.png
  artifactKey: Guid(330a76c3c3267334ba963ed9bc5d2f1e) Importer(815301076,1909f56bfc062723c751e8b465ee728b)
Start importing Assets/Handpainted_Forest_pack/Models/Source/Pine_v1.png using Guid(330a76c3c3267334ba963ed9bc5d2f1e) Importer(815301076,1909f56bfc062723c751e8b465ee728b)  -> (artifact id: 'd6377a43ecf936e4c8e546d93cfbb5b5') in 0.014278 seconds 
  Import took 0.020415 seconds .

========================================================================
Received Import Request.
  Time since last request: 0.000081 seconds.
  path: Assets/Handpainted_Forest_pack/Models/Source/Grass_v1_1.mat
  artifactKey: Guid(1523a0f878da8e44aa9166a0a9553429) Importer(815301076,1909f56bfc062723c751e8b465ee728b)
Start importing Assets/Handpainted_Forest_pack/Models/Source/Grass_v1_1.mat using Guid(1523a0f878da8e44aa9166a0a9553429) Importer(815301076,1909f56bfc062723c751e8b465ee728b)  -> (artifact id: 'e8e10427b11151d5e84745a358235c19') in 0.021404 seconds 
  Import took 0.025851 seconds .

========================================================================
Received Import Request.
  Time since last request: 0.000277 seconds.
  path: Assets/Handpainted_Forest_pack/Models/Source/Pine_v1.mat
  artifactKey: Guid(d5f4b3829380d6c48b3b0bad301f2497) Importer(815301076,1909f56bfc062723c751e8b465ee728b)
Start importing Assets/Handpainted_Forest_pack/Models/Source/Pine_v1.mat using Guid(d5f4b3829380d6c48b3b0bad301f2497) Importer(815301076,1909f56bfc062723c751e8b465ee728b)  -> (artifact id: 'c8bfd57c5d42a8d8b70f810067261406') in 0.019224 seconds 
  Import took 0.033937 seconds .

========================================================================
Received Import Request.
  Time since last request: 0.000372 seconds.
  path: Assets/Handpainted_Forest_pack/Models/Source/Grass_v1_2.png
  artifactKey: Guid(8d4abee17d6b77d47b140f7df6ea81af) Importer(815301076,1909f56bfc062723c751e8b465ee728b)
Start importing Assets/Handpainted_Forest_pack/Models/Source/Grass_v1_2.png using Guid(8d4abee17d6b77d47b140f7df6ea81af) Importer(815301076,1909f56bfc062723c751e8b465ee728b)  -> (artifact id: '87a2dfdb61177e2cf9503068008d0e1c') in 0.017567 seconds 
  Import took 0.021439 seconds .

========================================================================
Received Import Request.
  Time since last request: 335.958390 seconds.
  path: Assets/地板.mat
  artifactKey: Guid(37fcdeb0dd62e7d4ba92169bb990a075) Importer(815301076,1909f56bfc062723c751e8b465ee728b)
Start importing Assets/地板.mat using Guid(37fcdeb0dd62e7d4ba92169bb990a075) Importer(815301076,1909f56bfc062723c751e8b465ee728b)  -> (artifact id: '4835c2a401509fb9311e3d9134f1f15c') in 0.019516 seconds 
  Import took 0.023926 seconds .

========================================================================
Received Import Request.
  Time since last request: 184.885998 seconds.
  path: Assets/地板.mat
  artifactKey: Guid(37fcdeb0dd62e7d4ba92169bb990a075) Importer(815301076,1909f56bfc062723c751e8b465ee728b)
Start importing Assets/地板.mat using Guid(37fcdeb0dd62e7d4ba92169bb990a075) Importer(815301076,1909f56bfc062723c751e8b465ee728b)  -> (artifact id: 'b6c3f3a3edb039cd5cf2ed38cda456c5') in 0.018864 seconds 
  Import took 0.024425 seconds .

========================================================================
Received Import Request.
  Time since last request: 46.695290 seconds.
  path: Assets/地板.mat
  artifactKey: Guid(37fcdeb0dd62e7d4ba92169bb990a075) Importer(815301076,1909f56bfc062723c751e8b465ee728b)
Start importing Assets/地板.mat using Guid(37fcdeb0dd62e7d4ba92169bb990a075) Importer(815301076,1909f56bfc062723c751e8b465ee728b)  -> (artifact id: '02565bdf2e8e6f6b345da602967aa98e') in 0.025997 seconds 
  Import took 0.036240 seconds .

========================================================================
Received Import Request.
  Time since last request: 64.229781 seconds.
  path: Assets/New Material.mat
  artifactKey: Guid(347b460c417b07942b44bb9c624ef0c8) Importer(815301076,1909f56bfc062723c751e8b465ee728b)
Start importing Assets/New Material.mat using Guid(347b460c417b07942b44bb9c624ef0c8) Importer(815301076,1909f56bfc062723c751e8b465ee728b)  -> (artifact id: '511ac003e1b7cda968a3bdecbcccf83d') in 0.015380 seconds 
  Import took 0.019363 seconds .

========================================================================
Received Import Request.
  Time since last request: 132.306843 seconds.
  path: Assets/Assets - 捷徑.lnk
  artifactKey: Guid(7c3753fc95689e54e972085ac60e3718) Importer(815301076,1909f56bfc062723c751e8b465ee728b)
Start importing Assets/Assets - 捷徑.lnk using Guid(7c3753fc95689e54e972085ac60e3718) Importer(815301076,1909f56bfc062723c751e8b465ee728b)  -> (artifact id: 'd6a1f022b66efc57121501667e3f0451') in 0.008186 seconds 
  Import took 0.011914 seconds .

========================================================================
Received Import Request.
  Time since last request: 25.166576 seconds.
  path: Assets/地板.mat
  artifactKey: Guid(37fcdeb0dd62e7d4ba92169bb990a075) Importer(815301076,1909f56bfc062723c751e8b465ee728b)
Start importing Assets/地板.mat using Guid(37fcdeb0dd62e7d4ba92169bb990a075) Importer(815301076,1909f56bfc062723c751e8b465ee728b)  -> (artifact id: 'c8e06c77bfa331d87fa72f87413c72ce') in 0.022169 seconds 
  Import took 0.026590 seconds .

========================================================================
Received Import Request.
  Time since last request: 46.364479 seconds.
  path: Assets/Handpainted_Forest_pack
  artifactKey: Guid(dfcb15a42a723d241b19bae9f54b34fe) Importer(815301076,1909f56bfc062723c751e8b465ee728b)
Start importing Assets/Handpainted_Forest_pack using Guid(dfcb15a42a723d241b19bae9f54b34fe) Importer(815301076,1909f56bfc062723c751e8b465ee728b)  -> (artifact id: '5720c948254a6b5b5c361dc8bc8a9cd4') in 0.004785 seconds 
  Import took 0.009399 seconds .

========================================================================
Received Import Request.
  Time since last request: 0.001257 seconds.
  path: Assets/Handpainted_Forest_pack
  artifactKey: Guid(dfcb15a42a723d241b19bae9f54b34fe) Importer(815301076,1909f56bfc062723c751e8b465ee728b)
Start importing Assets/Handpainted_Forest_pack using Guid(dfcb15a42a723d241b19bae9f54b34fe) Importer(815301076,1909f56bfc062723c751e8b465ee728b)  -> (artifact id: '5720c948254a6b5b5c361dc8bc8a9cd4') in 0.004326 seconds 
  Import took 0.008445 seconds .

========================================================================
Received Prepare
Registering precompiled user dll's ...
Registered in 0.015508 seconds.
Begin MonoManager ReloadAssembly
Native extension for WindowsStandalone target not found
Native extension for WebGL target not found
Refreshing native plugins compatible for Editor in 0.79 ms, found 2 plugins.
Preloading 0 native plugins for Editor in 0.00 ms.
Mono: successfully reloaded assembly
- Completed reload, in  3.636 seconds
Domain Reload Profiling:
	ReloadAssembly (3637ms)
		BeginReloadAssembly (937ms)
			ExecutionOrderSort (0ms)
			DisableScriptedObjects (11ms)
			BackupInstance (0ms)
			ReleaseScriptingObjects (0ms)
			CreateAndSetChildDomain (55ms)
		EndReloadAssembly (2536ms)
			LoadAssemblies (911ms)
			RebuildTransferFunctionScriptingTraits (0ms)
			SetupTypeCache (1414ms)
			ReleaseScriptCaches (1ms)
			RebuildScriptCaches (80ms)
			SetupLoadedEditorAssemblies (652ms)
				LogAssemblyErrors (0ms)
				InitializePlatformSupportModulesInManaged (14ms)
				SetLoadedEditorAssemblies (1ms)
				RefreshPlugins (1ms)
				BeforeProcessingInitializeOnLoad (108ms)
				ProcessInitializeOnLoadAttributes (501ms)
				ProcessInitializeOnLoadMethodAttributes (5ms)
				AfterProcessingInitializeOnLoad (21ms)
				EditorAssembliesLoaded (0ms)
			ExecutionOrderSort2 (0ms)
			AwakeInstancesAfterBackupRestoration (14ms)
Platform modules already initialized, skipping
Refreshing native plugins compatible for Editor in 0.59 ms, found 2 plugins.
Preloading 0 native plugins for Editor in 0.00 ms.
Unloading 1391 Unused Serialized files (Serialized files now loaded: 0)
System memory in use before: 69.8 MB.
System memory in use after: 69.9 MB.

Unloading 14 unused Assets to reduce memory usage. Loaded Objects now: 1899.
Total: 5.177800 ms (FindLiveObjects: 0.323200 ms CreateObjectMapping: 0.091300 ms MarkObjects: 4.725500 ms  DeleteObjects: 0.035900 ms)

AssetImportParameters requested are different than current active one (requested -> active):
  custom:framework-win-MediaFoundation: 216162199b28c13a410421893ffa2e32 -> 
  custom:video-decoder-ogg-theora: a1e56fd34408186e4bbccfd4996cb3dc -> 
  custom:container-muxer-webm: aa71ff27fc2769a1b78a27578f13a17b -> 
  custom:container-demuxer-webm: 4f35f7cbe854078d1ac9338744f61a02 -> 
  custom:container-demuxer-ogg: 62fdf1f143b41e24485cea50d1cbac27 -> 
  custom:video-encoder-webm-vp8: eb34c28f22e8b96e1ab97ce403110664 -> 
  custom:video-decoder-webm-vp8: 9c59270c3fd7afecdb556c50c9e8de78 -> 
  custom:audio-decoder-ogg-vorbis: bf7c407c2cedff20999df2af8eb42d56 -> 
  custom:audio-encoder-webm-vorbis: bf7c407c2cedff20999df2af8eb42d56 -> 
========================================================================
Received Import Request.
  Time since last request: 126.711234 seconds.
  path: Assets/New Terrain.asset
  artifactKey: Guid(ffad19a3833fb4f42ae74459bb3bc37c) Importer(815301076,1909f56bfc062723c751e8b465ee728b)
Start importing Assets/New Terrain.asset using Guid(ffad19a3833fb4f42ae74459bb3bc37c) Importer(815301076,1909f56bfc062723c751e8b465ee728b)  -> (artifact id: '59839ea3f69b4c1a85af12d877f2142d') in 0.047910 seconds 
  Import took 0.142970 seconds .

========================================================================
Received Import Request.
  Time since last request: 25.599502 seconds.
  path: Assets/Tree.prefab
  artifactKey: Guid(4b41e4627493abc4aac075cecf5e554b) Importer(815301076,1909f56bfc062723c751e8b465ee728b)
Start importing Assets/Tree.prefab using Guid(4b41e4627493abc4aac075cecf5e554b) Importer(815301076,1909f56bfc062723c751e8b465ee728b)  -> (artifact id: '041b69a70001c71c965907331a08d0d7') in 0.872038 seconds 
  Import took 0.885464 seconds .

========================================================================
Received Import Request.
  Time since last request: 12.835744 seconds.
  path: Assets/New Terrain 1.asset
  artifactKey: Guid(100cc064e2b46f84b88b5361fed6e370) Importer(815301076,1909f56bfc062723c751e8b465ee728b)
Start importing Assets/New Terrain 1.asset using Guid(100cc064e2b46f84b88b5361fed6e370) Importer(815301076,1909f56bfc062723c751e8b465ee728b)  -> (artifact id: '80ae73cfb95b0368a7f6d075de74c475') in 0.015269 seconds 
  Import took 0.019396 seconds .

========================================================================
Received Import Request.
  Time since last request: 253.071109 seconds.
  path: Assets/Tree_Textures
  artifactKey: Guid(35f24d74b347a27419da553e9e181019) Importer(815301076,1909f56bfc062723c751e8b465ee728b)
Start importing Assets/Tree_Textures using Guid(35f24d74b347a27419da553e9e181019) Importer(815301076,1909f56bfc062723c751e8b465ee728b)  -> (artifact id: 'c8977c49ef08653272fd11e0933f8c26') in 0.005158 seconds 
  Import took 0.009756 seconds .

========================================================================
Received Import Request.
  Time since last request: 390.720593 seconds.
  path: Assets/地板.mat
  artifactKey: Guid(37fcdeb0dd62e7d4ba92169bb990a075) Importer(815301076,1909f56bfc062723c751e8b465ee728b)
Start importing Assets/地板.mat using Guid(37fcdeb0dd62e7d4ba92169bb990a075) Importer(815301076,1909f56bfc062723c751e8b465ee728b)  -> (artifact id: '1bb607d0bb461b2599ae7e24b826afcf') in 0.021223 seconds 
  Import took 0.026633 seconds .

========================================================================
Received Import Request.
  Time since last request: 6.709290 seconds.
  path: Assets/樹.prefab
  artifactKey: Guid(f5b29cd39d165284a996430c250d0cb4) Importer(815301076,1909f56bfc062723c751e8b465ee728b)
Start importing Assets/樹.prefab using Guid(f5b29cd39d165284a996430c250d0cb4) Importer(815301076,1909f56bfc062723c751e8b465ee728b)  -> (artifact id: 'd603f1074849c2d003373b1b44ab6bc2') in 0.019569 seconds 
  Import took 0.023912 seconds .

========================================================================
Received Import Request.
  Time since last request: 50.210048 seconds.
  path: Assets/樹.prefab
  artifactKey: Guid(f5b29cd39d165284a996430c250d0cb4) Importer(815301076,1909f56bfc062723c751e8b465ee728b)
Start importing Assets/樹.prefab using Guid(f5b29cd39d165284a996430c250d0cb4) Importer(815301076,1909f56bfc062723c751e8b465ee728b)  -> (artifact id: '4ce56f82a9a9a946ba54c740767c7087') in 0.023663 seconds 
  Import took 0.032026 seconds .

========================================================================
Received Import Request.
  Time since last request: 18.303167 seconds.
  path: Assets/樹.prefab
  artifactKey: Guid(f5b29cd39d165284a996430c250d0cb4) Importer(815301076,1909f56bfc062723c751e8b465ee728b)
Start importing Assets/樹.prefab using Guid(f5b29cd39d165284a996430c250d0cb4) Importer(815301076,1909f56bfc062723c751e8b465ee728b)  -> (artifact id: '432b714cad98c77959d6ba20cb9d1f08') in 0.016969 seconds 
  Import took 0.020815 seconds .

========================================================================
Received Import Request.
  Time since last request: 56.624936 seconds.
  path: Assets/場景/遊戲場景.unity
  artifactKey: Guid(e99d03d8e1d4d9e4a85d12ab37c52a7f) Importer(815301076,1909f56bfc062723c751e8b465ee728b)
Start importing Assets/場景/遊戲場景.unity using Guid(e99d03d8e1d4d9e4a85d12ab37c52a7f) Importer(815301076,1909f56bfc062723c751e8b465ee728b)  -> (artifact id: '54c12d22b1e4a0a5b150ff0dac7a51ff') in 0.004980 seconds 
  Import took 0.009991 seconds .

========================================================================
Received Import Request.
  Time since last request: 101.230186 seconds.
  path: Assets/樹_V1_1.prefab
  artifactKey: Guid(be183542ba7e9be4da5e972ee4294ad7) Importer(815301076,1909f56bfc062723c751e8b465ee728b)
Start importing Assets/樹_V1_1.prefab using Guid(be183542ba7e9be4da5e972ee4294ad7) Importer(815301076,1909f56bfc062723c751e8b465ee728b)  -> (artifact id: '5481c06ab07e87e693504774dca41ae0') in 0.020456 seconds 
  Import took 0.025462 seconds .

========================================================================
Received Import Request.
  Time since last request: 1.562820 seconds.
  path: Assets/動畫
  artifactKey: Guid(5aabcdea28adb8741b60a0e99e67f58c) Importer(815301076,1909f56bfc062723c751e8b465ee728b)
Start importing Assets/動畫 using Guid(5aabcdea28adb8741b60a0e99e67f58c) Importer(815301076,1909f56bfc062723c751e8b465ee728b)  -> (artifact id: 'ec4091582ca6357bde3f0d8ff400b640') in 0.004784 seconds 
  Import took 0.008706 seconds .

========================================================================
Received Import Request.
  Time since last request: 34.374927 seconds.
  path: Assets/樹_v1_2.prefab
  artifactKey: Guid(8f42e11f5df4cb44f93e8aae83446e4b) Importer(815301076,1909f56bfc062723c751e8b465ee728b)
Start importing Assets/樹_v1_2.prefab using Guid(8f42e11f5df4cb44f93e8aae83446e4b) Importer(815301076,1909f56bfc062723c751e8b465ee728b)  -> (artifact id: '57ffcec9ef71dc71dec4557f0d3bed21') in 0.019302 seconds 
  Import took 0.023878 seconds .

========================================================================
Received Import Request.
  Time since last request: 121.709508 seconds.
  path: Assets/樹_v1_3.prefab
  artifactKey: Guid(541246f33a6ed0a49a645e5cc65707ad) Importer(815301076,1909f56bfc062723c751e8b465ee728b)
Start importing Assets/樹_v1_3.prefab using Guid(541246f33a6ed0a49a645e5cc65707ad) Importer(815301076,1909f56bfc062723c751e8b465ee728b)  -> (artifact id: '49e470261a2f1682b2644ea0383663f3') in 0.017776 seconds 
  Import took 0.022022 seconds .

========================================================================
Received Import Request.
  Time since last request: 21.258841 seconds.
  path: Assets/樹_v1_3.prefab
  artifactKey: Guid(541246f33a6ed0a49a645e5cc65707ad) Importer(815301076,1909f56bfc062723c751e8b465ee728b)
Start importing Assets/樹_v1_3.prefab using Guid(541246f33a6ed0a49a645e5cc65707ad) Importer(815301076,1909f56bfc062723c751e8b465ee728b)  -> (artifact id: 'e4869f754310dfe7e5107333e65c1ddd') in 0.019963 seconds 
  Import took 0.041253 seconds .

========================================================================
Received Import Request.
  Time since last request: 2.991507 seconds.
  path: Assets/樹_v1_3.prefab
  artifactKey: Guid(541246f33a6ed0a49a645e5cc65707ad) Importer(815301076,1909f56bfc062723c751e8b465ee728b)
Start importing Assets/樹_v1_3.prefab using Guid(541246f33a6ed0a49a645e5cc65707ad) Importer(815301076,1909f56bfc062723c751e8b465ee728b)  -> (artifact id: '93acd84864cb19ff784d80b7b4e5fd84') in 0.026309 seconds 
  Import took 0.033186 seconds .

AssetImportWorkerClient::OnTransportError - code=2 error=End of file
